  main.cpp
C:\Users\1\Downloads\SFML-2.5.1-windows-vc15-32-bit\SFML-2.5.1\include\SFML\Graphics\Rect.inl(81,19): error C2589: (: недопустимая лексема справа от "::"
C:\Users\1\Downloads\SFML-2.5.1-windows-vc15-32-bit\SFML-2.5.1\include\SFML\Graphics\Rect.inl(81,19): error C2760: синтаксическая ошибка: непредвиденный элемент ")". Ожидается ";"
C:\Users\1\Downloads\SFML-2.5.1-windows-vc15-32-bit\SFML-2.5.1\include\SFML\Graphics\Rect.inl(81,19): error C3878: синтаксическая ошибка: непредвиденный маркер ")" после "expression_statement"
C:\Users\1\Downloads\SFML-2.5.1-windows-vc15-32-bit\SFML-2.5.1\include\SFML\Graphics\Rect.inl(81,19): message : пропущено восстановление ошибки: ")"
C:\Users\1\Downloads\SFML-2.5.1-windows-vc15-32-bit\SFML-2.5.1\include\SFML\Graphics\Rect.inl(82,19): error C2589: (: недопустимая лексема справа от "::"
C:\Users\1\Downloads\SFML-2.5.1-windows-vc15-32-bit\SFML-2.5.1\include\SFML\Graphics\Rect.inl(82,19): error C2760: синтаксическая ошибка: непредвиденный элемент ")". Ожидается ";"
C:\Users\1\Downloads\SFML-2.5.1-windows-vc15-32-bit\SFML-2.5.1\include\SFML\Graphics\Rect.inl(82,19): error C3878: синтаксическая ошибка: непредвиденный маркер ")" после "expression_statement"
C:\Users\1\Downloads\SFML-2.5.1-windows-vc15-32-bit\SFML-2.5.1\include\SFML\Graphics\Rect.inl(82,19): message : пропущено восстановление ошибки: ")"
C:\Users\1\Downloads\SFML-2.5.1-windows-vc15-32-bit\SFML-2.5.1\include\SFML\Graphics\Rect.inl(83,19): error C2589: (: недопустимая лексема справа от "::"
C:\Users\1\Downloads\SFML-2.5.1-windows-vc15-32-bit\SFML-2.5.1\include\SFML\Graphics\Rect.inl(83,19): error C2760: синтаксическая ошибка: непредвиденный элемент ")". Ожидается ";"
C:\Users\1\Downloads\SFML-2.5.1-windows-vc15-32-bit\SFML-2.5.1\include\SFML\Graphics\Rect.inl(83,19): error C3878: синтаксическая ошибка: непредвиденный маркер ")" после "expression_statement"
C:\Users\1\Downloads\SFML-2.5.1-windows-vc15-32-bit\SFML-2.5.1\include\SFML\Graphics\Rect.inl(83,19): message : пропущено восстановление ошибки: ")"
C:\Users\1\Downloads\SFML-2.5.1-windows-vc15-32-bit\SFML-2.5.1\include\SFML\Graphics\Rect.inl(84,19): error C2589: (: недопустимая лексема справа от "::"
C:\Users\1\Downloads\SFML-2.5.1-windows-vc15-32-bit\SFML-2.5.1\include\SFML\Graphics\Rect.inl(84,19): error C2760: синтаксическая ошибка: непредвиденный элемент ")". Ожидается ";"
C:\Users\1\Downloads\SFML-2.5.1-windows-vc15-32-bit\SFML-2.5.1\include\SFML\Graphics\Rect.inl(84,19): error C3878: синтаксическая ошибка: непредвиденный маркер ")" после "expression_statement"
C:\Users\1\Downloads\SFML-2.5.1-windows-vc15-32-bit\SFML-2.5.1\include\SFML\Graphics\Rect.inl(84,19): message : пропущено восстановление ошибки: ")"
C:\Users\1\Downloads\SFML-2.5.1-windows-vc15-32-bit\SFML-2.5.1\include\SFML\Graphics\Rect.inl(114,21): error C2589: (: недопустимая лексема справа от "::"
C:\Users\1\Downloads\SFML-2.5.1-windows-vc15-32-bit\SFML-2.5.1\include\SFML\Graphics\Rect.inl(114,21): error C2760: синтаксическая ошибка: непредвиденный элемент ")". Ожидается ";"
C:\Users\1\Downloads\SFML-2.5.1-windows-vc15-32-bit\SFML-2.5.1\include\SFML\Graphics\Rect.inl(114,21): error C3878: синтаксическая ошибка: непредвиденный маркер ")" после "expression_statement"
C:\Users\1\Downloads\SFML-2.5.1-windows-vc15-32-bit\SFML-2.5.1\include\SFML\Graphics\Rect.inl(114,21): message : пропущено восстановление ошибки: ")"
C:\Users\1\Downloads\SFML-2.5.1-windows-vc15-32-bit\SFML-2.5.1\include\SFML\Graphics\Rect.inl(115,21): error C2589: (: недопустимая лексема справа от "::"
C:\Users\1\Downloads\SFML-2.5.1-windows-vc15-32-bit\SFML-2.5.1\include\SFML\Graphics\Rect.inl(115,21): error C2760: синтаксическая ошибка: непредвиденный элемент ")". Ожидается ";"
C:\Users\1\Downloads\SFML-2.5.1-windows-vc15-32-bit\SFML-2.5.1\include\SFML\Graphics\Rect.inl(115,21): error C3878: синтаксическая ошибка: непредвиденный маркер ")" после "expression_statement"
C:\Users\1\Downloads\SFML-2.5.1-windows-vc15-32-bit\SFML-2.5.1\include\SFML\Graphics\Rect.inl(115,21): message : пропущено восстановление ошибки: ")"
C:\Users\1\Downloads\SFML-2.5.1-windows-vc15-32-bit\SFML-2.5.1\include\SFML\Graphics\Rect.inl(116,21): error C2589: (: недопустимая лексема справа от "::"
C:\Users\1\Downloads\SFML-2.5.1-windows-vc15-32-bit\SFML-2.5.1\include\SFML\Graphics\Rect.inl(116,21): error C2760: синтаксическая ошибка: непредвиденный элемент ")". Ожидается ";"
C:\Users\1\Downloads\SFML-2.5.1-windows-vc15-32-bit\SFML-2.5.1\include\SFML\Graphics\Rect.inl(116,21): error C3878: синтаксическая ошибка: непредвиденный маркер ")" после "expression_statement"
C:\Users\1\Downloads\SFML-2.5.1-windows-vc15-32-bit\SFML-2.5.1\include\SFML\Graphics\Rect.inl(116,21): message : пропущено восстановление ошибки: ")"
C:\Users\1\Downloads\SFML-2.5.1-windows-vc15-32-bit\SFML-2.5.1\include\SFML\Graphics\Rect.inl(117,21): error C2589: (: недопустимая лексема справа от "::"
C:\Users\1\Downloads\SFML-2.5.1-windows-vc15-32-bit\SFML-2.5.1\include\SFML\Graphics\Rect.inl(117,21): error C2760: синтаксическая ошибка: непредвиденный элемент ")". Ожидается ";"
C:\Users\1\Downloads\SFML-2.5.1-windows-vc15-32-bit\SFML-2.5.1\include\SFML\Graphics\Rect.inl(117,21): error C3878: синтаксическая ошибка: непредвиденный маркер ")" после "expression_statement"
C:\Users\1\Downloads\SFML-2.5.1-windows-vc15-32-bit\SFML-2.5.1\include\SFML\Graphics\Rect.inl(117,21): message : пропущено восстановление ошибки: ")"
C:\Users\1\Downloads\SFML-2.5.1-windows-vc15-32-bit\SFML-2.5.1\include\SFML\Graphics\Rect.inl(120,21): error C2589: (: недопустимая лексема справа от "::"
C:\Users\1\Downloads\SFML-2.5.1-windows-vc15-32-bit\SFML-2.5.1\include\SFML\Graphics\Rect.inl(120,21): error C2760: синтаксическая ошибка: непредвиденный элемент ")". Ожидается ";"
C:\Users\1\Downloads\SFML-2.5.1-windows-vc15-32-bit\SFML-2.5.1\include\SFML\Graphics\Rect.inl(120,21): error C3878: синтаксическая ошибка: непредвиденный маркер ")" после "expression_statement"
C:\Users\1\Downloads\SFML-2.5.1-windows-vc15-32-bit\SFML-2.5.1\include\SFML\Graphics\Rect.inl(120,21): message : пропущено восстановление ошибки: ")"
C:\Users\1\Downloads\SFML-2.5.1-windows-vc15-32-bit\SFML-2.5.1\include\SFML\Graphics\Rect.inl(121,21): error C2589: (: недопустимая лексема справа от "::"
C:\Users\1\Downloads\SFML-2.5.1-windows-vc15-32-bit\SFML-2.5.1\include\SFML\Graphics\Rect.inl(121,21): error C2760: синтаксическая ошибка: непредвиденный элемент ")". Ожидается ";"
C:\Users\1\Downloads\SFML-2.5.1-windows-vc15-32-bit\SFML-2.5.1\include\SFML\Graphics\Rect.inl(121,21): error C3878: синтаксическая ошибка: непредвиденный маркер ")" после "expression_statement"
C:\Users\1\Downloads\SFML-2.5.1-windows-vc15-32-bit\SFML-2.5.1\include\SFML\Graphics\Rect.inl(121,21): message : пропущено восстановление ошибки: ")"
C:\Users\1\Downloads\SFML-2.5.1-windows-vc15-32-bit\SFML-2.5.1\include\SFML\Graphics\Rect.inl(122,21): error C2589: (: недопустимая лексема справа от "::"
C:\Users\1\Downloads\SFML-2.5.1-windows-vc15-32-bit\SFML-2.5.1\include\SFML\Graphics\Rect.inl(122,21): error C2760: синтаксическая ошибка: непредвиденный элемент ")". Ожидается ";"
C:\Users\1\Downloads\SFML-2.5.1-windows-vc15-32-bit\SFML-2.5.1\include\SFML\Graphics\Rect.inl(122,21): error C3878: синтаксическая ошибка: непредвиденный маркер ")" после "expression_statement"
C:\Users\1\Downloads\SFML-2.5.1-windows-vc15-32-bit\SFML-2.5.1\include\SFML\Graphics\Rect.inl(122,21): message : пропущено восстановление ошибки: ")"
C:\Users\1\Downloads\SFML-2.5.1-windows-vc15-32-bit\SFML-2.5.1\include\SFML\Graphics\Rect.inl(123,21): error C2589: (: недопустимая лексема справа от "::"
C:\Users\1\Downloads\SFML-2.5.1-windows-vc15-32-bit\SFML-2.5.1\include\SFML\Graphics\Rect.inl(123,21): error C2760: синтаксическая ошибка: непредвиденный элемент ")". Ожидается ";"
C:\Users\1\Downloads\SFML-2.5.1-windows-vc15-32-bit\SFML-2.5.1\include\SFML\Graphics\Rect.inl(123,21): error C3878: синтаксическая ошибка: непредвиденный маркер ")" после "expression_statement"
C:\Users\1\Downloads\SFML-2.5.1-windows-vc15-32-bit\SFML-2.5.1\include\SFML\Graphics\Rect.inl(123,21): message : пропущено восстановление ошибки: ")"
C:\Users\1\Downloads\SFML-2.5.1-windows-vc15-32-bit\SFML-2.5.1\include\SFML\Graphics\Rect.inl(126,26): error C2589: (: недопустимая лексема справа от "::"
C:\Users\1\Downloads\SFML-2.5.1-windows-vc15-32-bit\SFML-2.5.1\include\SFML\Graphics\Rect.inl(126,26): error C2760: синтаксическая ошибка: непредвиденный элемент ")". Ожидается ";"
C:\Users\1\Downloads\SFML-2.5.1-windows-vc15-32-bit\SFML-2.5.1\include\SFML\Graphics\Rect.inl(126,26): error C3878: синтаксическая ошибка: непредвиденный маркер ")" после "expression_statement"
C:\Users\1\Downloads\SFML-2.5.1-windows-vc15-32-bit\SFML-2.5.1\include\SFML\Graphics\Rect.inl(126,26): message : пропущено восстановление ошибки: ")"
C:\Users\1\Downloads\SFML-2.5.1-windows-vc15-32-bit\SFML-2.5.1\include\SFML\Graphics\Rect.inl(127,26): error C2589: (: недопустимая лексема справа от "::"
C:\Users\1\Downloads\SFML-2.5.1-windows-vc15-32-bit\SFML-2.5.1\include\SFML\Graphics\Rect.inl(127,26): error C2760: синтаксическая ошибка: непредвиденный элемент ")". Ожидается ";"
C:\Users\1\Downloads\SFML-2.5.1-windows-vc15-32-bit\SFML-2.5.1\include\SFML\Graphics\Rect.inl(127,26): error C3878: синтаксическая ошибка: непредвиденный маркер ")" после "expression_statement"
C:\Users\1\Downloads\SFML-2.5.1-windows-vc15-32-bit\SFML-2.5.1\include\SFML\Graphics\Rect.inl(127,26): message : пропущено восстановление ошибки: ")"
C:\Users\1\Downloads\SFML-2.5.1-windows-vc15-32-bit\SFML-2.5.1\include\SFML\Graphics\Rect.inl(128,26): error C2589: (: недопустимая лексема справа от "::"
C:\Users\1\Downloads\SFML-2.5.1-windows-vc15-32-bit\SFML-2.5.1\include\SFML\Graphics\Rect.inl(128,26): error C2760: синтаксическая ошибка: непредвиденный элемент ")". Ожидается ";"
C:\Users\1\Downloads\SFML-2.5.1-windows-vc15-32-bit\SFML-2.5.1\include\SFML\Graphics\Rect.inl(128,26): error C3878: синтаксическая ошибка: непредвиденный маркер ")" после "expression_statement"
C:\Users\1\Downloads\SFML-2.5.1-windows-vc15-32-bit\SFML-2.5.1\include\SFML\Graphics\Rect.inl(128,26): message : пропущено восстановление ошибки: ")"
C:\Users\1\Downloads\SFML-2.5.1-windows-vc15-32-bit\SFML-2.5.1\include\SFML\Graphics\Rect.inl(129,26): error C2589: (: недопустимая лексема справа от "::"
C:\Users\1\Downloads\SFML-2.5.1-windows-vc15-32-bit\SFML-2.5.1\include\SFML\Graphics\Rect.inl(129,26): error C2760: синтаксическая ошибка: непредвиденный элемент ")". Ожидается ";"
C:\Users\1\Downloads\SFML-2.5.1-windows-vc15-32-bit\SFML-2.5.1\include\SFML\Graphics\Rect.inl(129,26): error C3878: синтаксическая ошибка: непредвиденный маркер ")" после "expression_statement"
C:\Users\1\Downloads\SFML-2.5.1-windows-vc15-32-bit\SFML-2.5.1\include\SFML\Graphics\Rect.inl(129,26): message : пропущено восстановление ошибки: ")"
C:\project1\SFML_Tutorial\main.cpp(19,38): error C3861: OpenDevice: идентификатор не найден
C:\project1\SFML_Tutorial\main.cpp(71,29): error C3861: VideoMode: идентификатор не найден
